<?xml version="1.0" encoding="UTF-8"?>
<testng-results ignored="0" total="0" passed="0" failed="0" skipped="0">
  <reporter-output>
  </reporter-output>
  <suite started-at="2020-11-05T23:27:04Z" name="runnerTest.TestRunner" finished-at="2020-11-05T23:27:04Z" duration-ms="5">
    <groups>
    </groups>
    <test started-at="2020-11-05T23:27:04Z" name="Command line test" finished-at="2020-11-05T23:27:04Z" duration-ms="5">
    </test> <!-- Command line test -->
  </suite> <!-- runnerTest.TestRunner -->
</testng-results>
